<?xml version="1.0" encoding="UTF-8"?>
<testng-results ignored="0" total="1" passed="1" failed="0" skipped="0">
  <reporter-output>
  </reporter-output>
  <suite started-at="2021-06-28T22:34:55 CDT" name="Default suite" finished-at="2021-06-28T22:35:04 CDT" duration-ms="8863">
    <groups>
    </groups>
    <test started-at="2021-06-28T22:34:55 CDT" name="Default test" finished-at="2021-06-28T22:35:04 CDT" duration-ms="8863">
      <class name="testCases.LoginApplication">
        <test-method signature="login()[pri:0, instance:testCases.LoginApplication@4f67eb2a]" started-at="2021-06-28T22:34:55 CDT" name="login" finished-at="2021-06-28T22:35:04 CDT" duration-ms="8834" status="PASS">
          <reporter-output>
          </reporter-output>
        </test-method> <!-- login -->
      </class> <!-- testCases.LoginApplication -->
    </test> <!-- Default test -->
  </suite> <!-- Default suite -->
</testng-results>
